<component name="libraryTable">
  <library name="junit-jupiter-api-5.10.0-M1">
    <CLASSES>
      <root url="jar://$PROJECT_DIR$/../Downloads/junit-jupiter-api-5.10.0-M1.jar!/" />
    </CLASSES>
    <JAVADOC />
    <SOURCES />
  </library>
</component>